2025-02-17T02:57:59.082-08:00 ERROR 4764 --- [vehicle-app] [main] o.s.b.d.LoggingFailureAnalysisReporter   : 

***************************
APPLICATION FAILED TO START
***************************

Description:

Failed to bind properties under 'logging.level.com.prashant.app.service.vehicleservice' to org.springframework.boot.logging.LogLevel:

    Property: logging.level.com.prashant.app.service.vehicleservice
    Value: "INFO  # For vehicle details"
    Origin: class path resource [application.properties] - 8:55
    Reason: failed to convert java.lang.String to org.springframework.boot.logging.LogLevel (caused by java.lang.IllegalArgumentException: No enum constant org.springframework.boot.logging.LogLevel.INFO  # For vehicle details)

Action:

Update your application's configuration. The following values are valid:

    DEBUG
    ERROR
    FATAL
    INFO
    OFF
    TRACE
    WARN

2025-02-17T02:58:30.472-08:00  INFO 2500 --- [vehicle-app] [main] com.prashant.app.VehicleAppApplication   : Starting VehicleAppApplication using Java 23.0.2 with PID 2500 (C:\Users\admin\IdeaProjects\Prashant\Day-20\vehicle-app\target\classes started by admin in C:\Users\admin\IdeaProjects\Prashant\Day-20\vehicle-app)
2025-02-17T02:58:30.476-08:00  INFO 2500 --- [vehicle-app] [main] com.prashant.app.VehicleAppApplication   : No active profile set, falling back to 1 default profile: "default"
2025-02-17T02:58:32.387-08:00  INFO 2500 --- [vehicle-app] [main] o.s.b.w.embedded.tomcat.TomcatWebServer  : Tomcat initialized with port 8080 (http)
2025-02-17T02:58:32.409-08:00  INFO 2500 --- [vehicle-app] [main] o.apache.catalina.core.StandardService   : Starting service [Tomcat]
2025-02-17T02:58:32.410-08:00  INFO 2500 --- [vehicle-app] [main] o.apache.catalina.core.StandardEngine    : Starting Servlet engine: [Apache Tomcat/10.1.34]
2025-02-17T02:58:32.484-08:00  INFO 2500 --- [vehicle-app] [main] o.a.c.c.C.[Tomcat].[localhost].[/]       : Initializing Spring embedded WebApplicationContext
2025-02-17T02:58:32.485-08:00  INFO 2500 --- [vehicle-app] [main] w.s.c.ServletWebServerApplicationContext : Root WebApplicationContext: initialization completed in 1908 ms
2025-02-17T02:58:33.203-08:00  INFO 2500 --- [vehicle-app] [main] o.s.b.a.e.web.EndpointLinksResolver      : Exposing 1 endpoint beneath base path '/actuator'
2025-02-17T02:58:33.308-08:00  INFO 2500 --- [vehicle-app] [main] o.s.b.w.embedded.tomcat.TomcatWebServer  : Tomcat started on port 8080 (http) with context path '/'
2025-02-17T02:58:33.328-08:00  INFO 2500 --- [vehicle-app] [main] com.prashant.app.VehicleAppApplication   : Started VehicleAppApplication in 3.636 seconds (process running for 4.28)
2025-02-17T02:58:37.898-08:00  INFO 2500 --- [vehicle-app] [http-nio-8080-exec-2] o.a.c.c.C.[Tomcat].[localhost].[/]       : Initializing Spring DispatcherServlet 'dispatcherServlet'
2025-02-17T02:58:37.899-08:00  INFO 2500 --- [vehicle-app] [http-nio-8080-exec-2] o.s.web.servlet.DispatcherServlet        : Initializing Servlet 'dispatcherServlet'
2025-02-17T02:58:37.901-08:00  INFO 2500 --- [vehicle-app] [http-nio-8080-exec-2] o.s.web.servlet.DispatcherServlet        : Completed initialization in 1 ms
2025-02-17T02:58:38.060-08:00  INFO 2500 --- [vehicle-app] [http-nio-8080-exec-2] com.prashant.app.module.Vehicle          : Vehicle Constructor called
2025-02-17T02:58:38.061-08:00  INFO 2500 --- [vehicle-app] [http-nio-8080-exec-2] com.prashant.app.module.Vehicle          : Info mode of logging
2025-02-17T02:58:38.063-08:00  INFO 2500 --- [vehicle-app] [http-nio-8080-exec-2] com.prashant.app.module.Owner            : Owner Constructor called
2025-02-17T02:58:38.064-08:00  INFO 2500 --- [vehicle-app] [http-nio-8080-exec-2] com.prashant.app.module.Owner            : Debug mode of logging
2025-02-17T02:58:38.086-08:00  INFO 2500 --- [vehicle-app] [http-nio-8080-exec-2] c.p.app.controller.VehicleRegistration   : Registeration request received
2025-02-17T02:58:38.087-08:00  INFO 2500 --- [vehicle-app] [http-nio-8080-exec-2] c.prashant.app.service.VehicleService    : INFO : Vehicle registration started: Vehicle{vehicleNumber='CG-6721', vehicleType='SUV', fuelType='Diesel'}
2025-02-17T02:58:38.096-08:00  INFO 2500 --- [vehicle-app] [http-nio-8080-exec-2] c.prashant.app.service.VehicleService    : INFO : Owner information: Owner{name='Prahsant', address='Chhattisgarh', age='25'}
2025-02-17T02:58:38.097-08:00  INFO 2500 --- [vehicle-app] [http-nio-8080-exec-2] c.prashant.app.service.VehicleService    : Registering the vehicle .......
2025-02-17T02:58:38.097-08:00  INFO 2500 --- [vehicle-app] [http-nio-8080-exec-2] c.prashant.app.service.VehicleService    : Vehicle registration completed : Vehicle{vehicleNumber='CG-6721', vehicleType='SUV', fuelType='Diesel'} owner : Owner{name='Prahsant', address='Chhattisgarh', age='25'}
2025-02-17T03:02:21.339-08:00  INFO 2500 --- [vehicle-app] [SpringApplicationShutdownHook] o.s.b.w.e.tomcat.GracefulShutdown        : Commencing graceful shutdown. Waiting for active requests to complete
2025-02-17T03:02:21.350-08:00  INFO 2500 --- [vehicle-app] [tomcat-shutdown] o.s.b.w.e.tomcat.GracefulShutdown        : Graceful shutdown complete
2025-02-17T03:02:36.988-08:00  INFO 7628 --- [vehicle-app] [main] com.prashant.app.VehicleAppApplication   : Starting VehicleAppApplication using Java 23.0.2 with PID 7628 (C:\Users\admin\IdeaProjects\Prashant\Day-20\vehicle-app\target\classes started by admin in C:\Users\admin\IdeaProjects\Prashant\Day-20\vehicle-app)
2025-02-17T03:02:36.991-08:00  INFO 7628 --- [vehicle-app] [main] com.prashant.app.VehicleAppApplication   : No active profile set, falling back to 1 default profile: "default"
2025-02-17T03:02:38.912-08:00  INFO 7628 --- [vehicle-app] [main] o.s.b.w.embedded.tomcat.TomcatWebServer  : Tomcat initialized with port 8080 (http)
2025-02-17T03:02:38.933-08:00  INFO 7628 --- [vehicle-app] [main] o.apache.catalina.core.StandardService   : Starting service [Tomcat]
2025-02-17T03:02:38.934-08:00  INFO 7628 --- [vehicle-app] [main] o.apache.catalina.core.StandardEngine    : Starting Servlet engine: [Apache Tomcat/10.1.34]
2025-02-17T03:02:39.014-08:00  INFO 7628 --- [vehicle-app] [main] o.a.c.c.C.[Tomcat].[localhost].[/]       : Initializing Spring embedded WebApplicationContext
2025-02-17T03:02:39.015-08:00  INFO 7628 --- [vehicle-app] [main] w.s.c.ServletWebServerApplicationContext : Root WebApplicationContext: initialization completed in 1921 ms
2025-02-17T03:02:39.758-08:00  INFO 7628 --- [vehicle-app] [main] o.s.b.a.e.web.EndpointLinksResolver      : Exposing 1 endpoint beneath base path '/actuator'
2025-02-17T03:02:39.855-08:00  INFO 7628 --- [vehicle-app] [main] o.s.b.w.embedded.tomcat.TomcatWebServer  : Tomcat started on port 8080 (http) with context path '/'
2025-02-17T03:02:39.877-08:00  INFO 7628 --- [vehicle-app] [main] com.prashant.app.VehicleAppApplication   : Started VehicleAppApplication in 3.662 seconds (process running for 4.292)
2025-02-17T03:02:46.449-08:00  INFO 7628 --- [vehicle-app] [http-nio-8080-exec-1] o.a.c.c.C.[Tomcat].[localhost].[/]       : Initializing Spring DispatcherServlet 'dispatcherServlet'
2025-02-17T03:02:46.449-08:00  INFO 7628 --- [vehicle-app] [http-nio-8080-exec-1] o.s.web.servlet.DispatcherServlet        : Initializing Servlet 'dispatcherServlet'
2025-02-17T03:02:46.451-08:00  INFO 7628 --- [vehicle-app] [http-nio-8080-exec-1] o.s.web.servlet.DispatcherServlet        : Completed initialization in 1 ms
2025-02-17T03:02:46.602-08:00  INFO 7628 --- [vehicle-app] [http-nio-8080-exec-1] com.prashant.app.module.Vehicle          : INFO Level Log for Vehicle Constructor
2025-02-17T03:02:46.603-08:00  WARN 7628 --- [vehicle-app] [http-nio-8080-exec-1] com.prashant.app.module.Vehicle          : WARN Level Log for Vehicle Constructor
2025-02-17T03:02:46.604-08:00 ERROR 7628 --- [vehicle-app] [http-nio-8080-exec-1] com.prashant.app.module.Vehicle          : ERROR Level Log for Vehicle Constructor
2025-02-17T03:02:46.607-08:00 DEBUG 7628 --- [vehicle-app] [http-nio-8080-exec-1] com.prashant.app.module.Owner            : DEBUG Level Log for Owner constructor
2025-02-17T03:02:46.608-08:00  INFO 7628 --- [vehicle-app] [http-nio-8080-exec-1] com.prashant.app.module.Owner            : INFO Level Log for Owner constructor
2025-02-17T03:02:46.608-08:00  WARN 7628 --- [vehicle-app] [http-nio-8080-exec-1] com.prashant.app.module.Owner            : WARN Level Log for Owner constructor
2025-02-17T03:02:46.609-08:00 ERROR 7628 --- [vehicle-app] [http-nio-8080-exec-1] com.prashant.app.module.Owner            : ERROR Level Log for Owner constructor
2025-02-17T03:02:46.624-08:00  INFO 7628 --- [vehicle-app] [http-nio-8080-exec-1] c.p.app.controller.VehicleRegistration   : Registeration request received
2025-02-17T03:02:46.625-08:00  INFO 7628 --- [vehicle-app] [http-nio-8080-exec-1] c.prashant.app.service.VehicleService    : Vehicle registration started : Vehicle{vehicleNumber='CG-6721', vehicleType='SUV', fuelType='Diesel'} owner : Owner{name='Prahsant', address='Chhattisgarh', age='25'}
2025-02-17T03:02:46.626-08:00  INFO 7628 --- [vehicle-app] [http-nio-8080-exec-1] c.prashant.app.service.VehicleService    : Registering the vehicle .......
2025-02-17T03:02:46.627-08:00  INFO 7628 --- [vehicle-app] [http-nio-8080-exec-1] c.prashant.app.service.VehicleService    : Vehicle registration completed : Vehicle{vehicleNumber='CG-6721', vehicleType='SUV', fuelType='Diesel'} owner : Owner{name='Prahsant', address='Chhattisgarh', age='25'}
2025-02-17T03:09:03.905-08:00  INFO 7628 --- [vehicle-app] [SpringApplicationShutdownHook] o.s.b.w.e.tomcat.GracefulShutdown        : Commencing graceful shutdown. Waiting for active requests to complete
2025-02-17T03:09:03.917-08:00  INFO 7628 --- [vehicle-app] [tomcat-shutdown] o.s.b.w.e.tomcat.GracefulShutdown        : Graceful shutdown complete
2025-02-17T03:09:16.022-08:00  INFO 3652 --- [vehicle-app] [main] com.prashant.app.VehicleAppApplication   : Starting VehicleAppApplication using Java 23.0.2 with PID 3652 (C:\Users\admin\IdeaProjects\Prashant\Day-20\vehicle-app\target\classes started by admin in C:\Users\admin\IdeaProjects\Prashant\Day-20\vehicle-app)
2025-02-17T03:09:16.026-08:00  INFO 3652 --- [vehicle-app] [main] com.prashant.app.VehicleAppApplication   : No active profile set, falling back to 1 default profile: "default"
2025-02-17T03:09:17.987-08:00  INFO 3652 --- [vehicle-app] [main] o.s.b.w.embedded.tomcat.TomcatWebServer  : Tomcat initialized with port 8080 (http)
2025-02-17T03:09:18.009-08:00  INFO 3652 --- [vehicle-app] [main] o.apache.catalina.core.StandardService   : Starting service [Tomcat]
2025-02-17T03:09:18.010-08:00  INFO 3652 --- [vehicle-app] [main] o.apache.catalina.core.StandardEngine    : Starting Servlet engine: [Apache Tomcat/10.1.34]
2025-02-17T03:09:18.083-08:00  INFO 3652 --- [vehicle-app] [main] o.a.c.c.C.[Tomcat].[localhost].[/]       : Initializing Spring embedded WebApplicationContext
2025-02-17T03:09:18.084-08:00  INFO 3652 --- [vehicle-app] [main] w.s.c.ServletWebServerApplicationContext : Root WebApplicationContext: initialization completed in 1950 ms
2025-02-17T03:09:18.799-08:00  INFO 3652 --- [vehicle-app] [main] o.s.b.a.e.web.EndpointLinksResolver      : Exposing 1 endpoint beneath base path '/actuator'
2025-02-17T03:09:18.885-08:00  INFO 3652 --- [vehicle-app] [main] o.s.b.w.embedded.tomcat.TomcatWebServer  : Tomcat started on port 8080 (http) with context path '/'
2025-02-17T03:09:18.905-08:00  INFO 3652 --- [vehicle-app] [main] com.prashant.app.VehicleAppApplication   : Started VehicleAppApplication in 3.646 seconds (process running for 4.28)
2025-02-17T03:09:24.067-08:00  INFO 3652 --- [vehicle-app] [http-nio-8080-exec-1] o.a.c.c.C.[Tomcat].[localhost].[/]       : Initializing Spring DispatcherServlet 'dispatcherServlet'
2025-02-17T03:09:24.067-08:00  INFO 3652 --- [vehicle-app] [http-nio-8080-exec-1] o.s.web.servlet.DispatcherServlet        : Initializing Servlet 'dispatcherServlet'
2025-02-17T03:09:24.069-08:00  INFO 3652 --- [vehicle-app] [http-nio-8080-exec-1] o.s.web.servlet.DispatcherServlet        : Completed initialization in 1 ms
2025-02-17T03:09:24.212-08:00  INFO 3652 --- [vehicle-app] [http-nio-8080-exec-1] com.prashant.app.module.Vehicle          : INFO Level Log for Vehicle Constructor
2025-02-17T03:09:24.212-08:00  WARN 3652 --- [vehicle-app] [http-nio-8080-exec-1] com.prashant.app.module.Vehicle          : WARN Level Log for Vehicle Constructor
2025-02-17T03:09:24.213-08:00 ERROR 3652 --- [vehicle-app] [http-nio-8080-exec-1] com.prashant.app.module.Vehicle          : ERROR Level Log for Vehicle Constructor
2025-02-17T03:09:24.223-08:00 DEBUG 3652 --- [vehicle-app] [http-nio-8080-exec-1] com.prashant.app.module.Owner            : DEBUG Level Log for Owner constructor
2025-02-17T03:09:24.224-08:00  INFO 3652 --- [vehicle-app] [http-nio-8080-exec-1] com.prashant.app.module.Owner            : INFO Level Log for Owner constructor
2025-02-17T03:09:24.224-08:00  WARN 3652 --- [vehicle-app] [http-nio-8080-exec-1] com.prashant.app.module.Owner            : WARN Level Log for Owner constructor
2025-02-17T03:09:24.224-08:00 ERROR 3652 --- [vehicle-app] [http-nio-8080-exec-1] com.prashant.app.module.Owner            : ERROR Level Log for Owner constructor
2025-02-17T03:09:24.246-08:00  INFO 3652 --- [vehicle-app] [http-nio-8080-exec-1] c.p.app.controller.VehicleRegistration   : Registeration request received
2025-02-17T03:09:24.247-08:00  INFO 3652 --- [vehicle-app] [http-nio-8080-exec-1] c.prashant.app.service.VehicleService    : Vehicle registration started : Vehicle{vehicleNumber='CG-6721', vehicleType='SUV', fuelType='Diesel'} owner : Owner{name='Prahsant', address='Chhattisgarh', age='25'}
2025-02-17T03:09:24.247-08:00  INFO 3652 --- [vehicle-app] [http-nio-8080-exec-1] c.prashant.app.service.VehicleService    : Registering the vehicle .......
2025-02-17T03:09:24.248-08:00  INFO 3652 --- [vehicle-app] [http-nio-8080-exec-1] c.prashant.app.service.VehicleService    : Vehicle registration completed : Vehicle{vehicleNumber='CG-6721', vehicleType='SUV', fuelType='Diesel'} owner : Owner{name='Prahsant', address='Chhattisgarh', age='25'}
2025-02-17T03:10:30.887-08:00  INFO 3652 --- [vehicle-app] [SpringApplicationShutdownHook] o.s.b.w.e.tomcat.GracefulShutdown        : Commencing graceful shutdown. Waiting for active requests to complete
2025-02-17T03:10:30.898-08:00  INFO 3652 --- [vehicle-app] [tomcat-shutdown] o.s.b.w.e.tomcat.GracefulShutdown        : Graceful shutdown complete
2025-02-17T03:10:56.948-08:00  INFO 10320 --- [vehicle-app] [main] com.prashant.app.VehicleAppApplication   : Starting VehicleAppApplication using Java 23.0.2 with PID 10320 (C:\Users\admin\IdeaProjects\Prashant\Day-20\vehicle-app\target\classes started by admin in C:\Users\admin\IdeaProjects\Prashant\Day-20\vehicle-app)
2025-02-17T03:10:56.952-08:00  INFO 10320 --- [vehicle-app] [main] com.prashant.app.VehicleAppApplication   : No active profile set, falling back to 1 default profile: "default"
2025-02-17T03:10:59.044-08:00  INFO 10320 --- [vehicle-app] [main] o.s.b.w.embedded.tomcat.TomcatWebServer  : Tomcat initialized with port 8099 (http)
2025-02-17T03:10:59.065-08:00  INFO 10320 --- [vehicle-app] [main] o.apache.catalina.core.StandardService   : Starting service [Tomcat]
2025-02-17T03:10:59.066-08:00  INFO 10320 --- [vehicle-app] [main] o.apache.catalina.core.StandardEngine    : Starting Servlet engine: [Apache Tomcat/10.1.34]
2025-02-17T03:10:59.143-08:00  INFO 10320 --- [vehicle-app] [main] o.a.c.c.C.[Tomcat].[localhost].[/]       : Initializing Spring embedded WebApplicationContext
2025-02-17T03:10:59.144-08:00  INFO 10320 --- [vehicle-app] [main] w.s.c.ServletWebServerApplicationContext : Root WebApplicationContext: initialization completed in 2085 ms
2025-02-17T03:10:59.906-08:00  INFO 10320 --- [vehicle-app] [main] o.s.b.a.e.web.EndpointLinksResolver      : Exposing 1 endpoint beneath base path '/actuator'
2025-02-17T03:11:00.003-08:00  INFO 10320 --- [vehicle-app] [main] o.s.b.w.embedded.tomcat.TomcatWebServer  : Tomcat started on port 8099 (http) with context path '/'
2025-02-17T03:11:00.027-08:00  INFO 10320 --- [vehicle-app] [main] com.prashant.app.VehicleAppApplication   : Started VehicleAppApplication in 3.868 seconds (process running for 4.537)
2025-02-17T03:23:56.669-08:00  INFO 10320 --- [vehicle-app] [http-nio-8099-exec-1] o.a.c.c.C.[Tomcat].[localhost].[/]       : Initializing Spring DispatcherServlet 'dispatcherServlet'
2025-02-17T03:23:56.670-08:00  INFO 10320 --- [vehicle-app] [http-nio-8099-exec-1] o.s.web.servlet.DispatcherServlet        : Initializing Servlet 'dispatcherServlet'
2025-02-17T03:23:56.672-08:00  INFO 10320 --- [vehicle-app] [http-nio-8099-exec-1] o.s.web.servlet.DispatcherServlet        : Completed initialization in 1 ms
2025-02-17T03:24:42.147-08:00  INFO 10320 --- [vehicle-app] [SpringApplicationShutdownHook] o.s.b.w.e.tomcat.GracefulShutdown        : Commencing graceful shutdown. Waiting for active requests to complete
2025-02-17T03:24:42.169-08:00  INFO 10320 --- [vehicle-app] [tomcat-shutdown] o.s.b.w.e.tomcat.GracefulShutdown        : Graceful shutdown complete
2025-02-17T03:24:52.751-08:00  INFO 12844 --- [vehicle-app] [main] com.prashant.app.VehicleAppApplication   : Starting VehicleAppApplication using Java 23.0.2 with PID 12844 (C:\Users\admin\IdeaProjects\Prashant\Day-20\vehicle-app\target\classes started by admin in C:\Users\admin\IdeaProjects\Prashant\Day-20\vehicle-app)
2025-02-17T03:24:52.754-08:00  INFO 12844 --- [vehicle-app] [main] com.prashant.app.VehicleAppApplication   : No active profile set, falling back to 1 default profile: "default"
2025-02-17T03:24:54.649-08:00  INFO 12844 --- [vehicle-app] [main] o.s.b.w.embedded.tomcat.TomcatWebServer  : Tomcat initialized with port 8080 (http)
2025-02-17T03:24:54.670-08:00  INFO 12844 --- [vehicle-app] [main] o.apache.catalina.core.StandardService   : Starting service [Tomcat]
2025-02-17T03:24:54.670-08:00  INFO 12844 --- [vehicle-app] [main] o.apache.catalina.core.StandardEngine    : Starting Servlet engine: [Apache Tomcat/10.1.34]
2025-02-17T03:24:54.746-08:00  INFO 12844 --- [vehicle-app] [main] o.a.c.c.C.[Tomcat].[localhost].[/]       : Initializing Spring embedded WebApplicationContext
2025-02-17T03:24:54.747-08:00  INFO 12844 --- [vehicle-app] [main] w.s.c.ServletWebServerApplicationContext : Root WebApplicationContext: initialization completed in 1895 ms
2025-02-17T03:24:55.476-08:00  INFO 12844 --- [vehicle-app] [main] o.s.b.a.e.web.EndpointLinksResolver      : Exposing 1 endpoint beneath base path '/actuator'
2025-02-17T03:24:55.562-08:00  INFO 12844 --- [vehicle-app] [main] o.s.b.w.embedded.tomcat.TomcatWebServer  : Tomcat started on port 8080 (http) with context path '/'
2025-02-17T03:24:55.584-08:00  INFO 12844 --- [vehicle-app] [main] com.prashant.app.VehicleAppApplication   : Started VehicleAppApplication in 3.585 seconds (process running for 4.226)
2025-02-17T03:25:56.326-08:00  INFO 12844 --- [vehicle-app] [http-nio-8080-exec-1] o.a.c.c.C.[Tomcat].[localhost].[/]       : Initializing Spring DispatcherServlet 'dispatcherServlet'
2025-02-17T03:25:56.327-08:00  INFO 12844 --- [vehicle-app] [http-nio-8080-exec-1] o.s.web.servlet.DispatcherServlet        : Initializing Servlet 'dispatcherServlet'
2025-02-17T03:25:56.329-08:00  INFO 12844 --- [vehicle-app] [http-nio-8080-exec-1] o.s.web.servlet.DispatcherServlet        : Completed initialization in 2 ms
2025-02-17T03:30:00.121-08:00  INFO 12844 --- [vehicle-app] [SpringApplicationShutdownHook] o.s.b.w.e.tomcat.GracefulShutdown        : Commencing graceful shutdown. Waiting for active requests to complete
2025-02-17T03:30:00.146-08:00  INFO 12844 --- [vehicle-app] [tomcat-shutdown] o.s.b.w.e.tomcat.GracefulShutdown        : Graceful shutdown complete
2025-02-17T03:30:10.439-08:00  INFO 8972 --- [vehicle-app] [main] com.prashant.app.VehicleAppApplication   : Starting VehicleAppApplication using Java 23.0.2 with PID 8972 (C:\Users\admin\IdeaProjects\Prashant\Day-20\vehicle-app\target\classes started by admin in C:\Users\admin\IdeaProjects\Prashant\Day-20\vehicle-app)
2025-02-17T03:30:10.442-08:00  INFO 8972 --- [vehicle-app] [main] com.prashant.app.VehicleAppApplication   : No active profile set, falling back to 1 default profile: "default"
2025-02-17T03:30:12.374-08:00  INFO 8972 --- [vehicle-app] [main] o.s.b.w.embedded.tomcat.TomcatWebServer  : Tomcat initialized with port 8099 (http)
2025-02-17T03:30:12.395-08:00  INFO 8972 --- [vehicle-app] [main] o.apache.catalina.core.StandardService   : Starting service [Tomcat]
2025-02-17T03:30:12.396-08:00  INFO 8972 --- [vehicle-app] [main] o.apache.catalina.core.StandardEngine    : Starting Servlet engine: [Apache Tomcat/10.1.34]
2025-02-17T03:30:12.476-08:00  INFO 8972 --- [vehicle-app] [main] o.a.c.c.C.[Tomcat].[localhost].[/]       : Initializing Spring embedded WebApplicationContext
2025-02-17T03:30:12.477-08:00  INFO 8972 --- [vehicle-app] [main] w.s.c.ServletWebServerApplicationContext : Root WebApplicationContext: initialization completed in 1929 ms
2025-02-17T03:30:13.200-08:00  INFO 8972 --- [vehicle-app] [main] o.s.b.a.e.web.EndpointLinksResolver      : Exposing 1 endpoint beneath base path '/actuator'
2025-02-17T03:30:13.315-08:00  INFO 8972 --- [vehicle-app] [main] o.s.b.w.embedded.tomcat.TomcatWebServer  : Tomcat started on port 8099 (http) with context path '/'
2025-02-17T03:30:13.335-08:00  INFO 8972 --- [vehicle-app] [main] com.prashant.app.VehicleAppApplication   : Started VehicleAppApplication in 3.654 seconds (process running for 4.286)
2025-02-17T03:30:34.405-08:00  INFO 8972 --- [vehicle-app] [http-nio-8099-exec-1] o.a.c.c.C.[Tomcat].[localhost].[/]       : Initializing Spring DispatcherServlet 'dispatcherServlet'
2025-02-17T03:30:34.406-08:00  INFO 8972 --- [vehicle-app] [http-nio-8099-exec-1] o.s.web.servlet.DispatcherServlet        : Initializing Servlet 'dispatcherServlet'
2025-02-17T03:30:34.408-08:00  INFO 8972 --- [vehicle-app] [http-nio-8099-exec-1] o.s.web.servlet.DispatcherServlet        : Completed initialization in 2 ms
2025-02-17T03:47:38.035-08:00  INFO 8972 --- [vehicle-app] [http-nio-8099-exec-3] com.prashant.app.module.Vehicle          : INFO Level Log for Vehicle Constructor
2025-02-17T03:47:38.036-08:00  WARN 8972 --- [vehicle-app] [http-nio-8099-exec-3] com.prashant.app.module.Vehicle          : WARN Level Log for Vehicle Constructor
2025-02-17T03:47:38.036-08:00 ERROR 8972 --- [vehicle-app] [http-nio-8099-exec-3] com.prashant.app.module.Vehicle          : ERROR Level Log for Vehicle Constructor
2025-02-17T03:47:38.039-08:00 DEBUG 8972 --- [vehicle-app] [http-nio-8099-exec-3] com.prashant.app.module.Owner            : DEBUG Level Log for Owner constructor
2025-02-17T03:47:38.040-08:00  INFO 8972 --- [vehicle-app] [http-nio-8099-exec-3] com.prashant.app.module.Owner            : INFO Level Log for Owner constructor
2025-02-17T03:47:38.040-08:00  WARN 8972 --- [vehicle-app] [http-nio-8099-exec-3] com.prashant.app.module.Owner            : WARN Level Log for Owner constructor
2025-02-17T03:47:38.041-08:00 ERROR 8972 --- [vehicle-app] [http-nio-8099-exec-3] com.prashant.app.module.Owner            : ERROR Level Log for Owner constructor
2025-02-17T03:47:38.055-08:00  INFO 8972 --- [vehicle-app] [http-nio-8099-exec-3] c.p.app.controller.VehicleRegistration   : Registeration request received
2025-02-17T03:47:38.059-08:00  INFO 8972 --- [vehicle-app] [http-nio-8099-exec-3] c.prashant.app.service.VehicleService    : Vehicle registration started : Vehicle{vehicleNumber='CG-6721', vehicleType='SUV', fuelType='Diesel'} owner : Owner{name='Prahsant', address='Chhattisgarh', age='25'}
2025-02-17T03:47:38.059-08:00  INFO 8972 --- [vehicle-app] [http-nio-8099-exec-3] c.prashant.app.service.VehicleService    : Registering the vehicle .......
2025-02-17T03:47:38.060-08:00  INFO 8972 --- [vehicle-app] [http-nio-8099-exec-3] c.prashant.app.service.VehicleService    : Vehicle registration completed : Vehicle{vehicleNumber='CG-6721', vehicleType='SUV', fuelType='Diesel'} owner : Owner{name='Prahsant', address='Chhattisgarh', age='25'}
2025-02-17T03:50:16.657-08:00  INFO 8972 --- [vehicle-app] [SpringApplicationShutdownHook] o.s.b.w.e.tomcat.GracefulShutdown        : Commencing graceful shutdown. Waiting for active requests to complete
2025-02-17T03:50:16.667-08:00  INFO 8972 --- [vehicle-app] [tomcat-shutdown] o.s.b.w.e.tomcat.GracefulShutdown        : Graceful shutdown complete
2025-02-17T03:50:29.157-08:00  INFO 2468 --- [vehicle-app] [main] com.prashant.app.VehicleAppApplication   : Starting VehicleAppApplication using Java 23.0.2 with PID 2468 (C:\Users\admin\IdeaProjects\Prashant\Day-20\vehicle-app\target\classes started by admin in C:\Users\admin\IdeaProjects\Prashant\Day-20\vehicle-app)
2025-02-17T03:50:29.161-08:00  INFO 2468 --- [vehicle-app] [main] com.prashant.app.VehicleAppApplication   : No active profile set, falling back to 1 default profile: "default"
2025-02-17T03:50:31.081-08:00  INFO 2468 --- [vehicle-app] [main] o.s.b.w.embedded.tomcat.TomcatWebServer  : Tomcat initialized with port 8099 (http)
2025-02-17T03:50:31.103-08:00  INFO 2468 --- [vehicle-app] [main] o.apache.catalina.core.StandardService   : Starting service [Tomcat]
2025-02-17T03:50:31.104-08:00  INFO 2468 --- [vehicle-app] [main] o.apache.catalina.core.StandardEngine    : Starting Servlet engine: [Apache Tomcat/10.1.34]
2025-02-17T03:50:31.179-08:00  INFO 2468 --- [vehicle-app] [main] o.a.c.c.C.[Tomcat].[localhost].[/]       : Initializing Spring embedded WebApplicationContext
2025-02-17T03:50:31.180-08:00  INFO 2468 --- [vehicle-app] [main] w.s.c.ServletWebServerApplicationContext : Root WebApplicationContext: initialization completed in 1903 ms
2025-02-17T03:50:31.884-08:00  INFO 2468 --- [vehicle-app] [main] o.s.b.a.e.web.EndpointLinksResolver      : Exposing 1 endpoint beneath base path '/actuator'
2025-02-17T03:50:31.987-08:00  INFO 2468 --- [vehicle-app] [main] o.s.b.w.embedded.tomcat.TomcatWebServer  : Tomcat started on port 8099 (http) with context path '/'
2025-02-17T03:50:32.009-08:00  INFO 2468 --- [vehicle-app] [main] com.prashant.app.VehicleAppApplication   : Started VehicleAppApplication in 3.643 seconds (process running for 4.277)
2025-02-17T03:50:59.992-08:00  INFO 2468 --- [vehicle-app] [SpringApplicationShutdownHook] o.s.b.w.e.tomcat.GracefulShutdown        : Commencing graceful shutdown. Waiting for active requests to complete
2025-02-17T03:51:00.005-08:00  INFO 2468 --- [vehicle-app] [tomcat-shutdown] o.s.b.w.e.tomcat.GracefulShutdown        : Graceful shutdown complete
2025-02-17T03:51:12.933-08:00  INFO 11608 --- [vehicle-app] [main] com.prashant.app.VehicleAppApplication   : Starting VehicleAppApplication using Java 23.0.2 with PID 11608 (C:\Users\admin\IdeaProjects\Prashant\Day-20\vehicle-app\target\classes started by admin in C:\Users\admin\IdeaProjects\Prashant\Day-20\vehicle-app)
2025-02-17T03:51:12.937-08:00  INFO 11608 --- [vehicle-app] [main] com.prashant.app.VehicleAppApplication   : No active profile set, falling back to 1 default profile: "default"
2025-02-17T03:51:14.843-08:00  INFO 11608 --- [vehicle-app] [main] o.s.b.w.embedded.tomcat.TomcatWebServer  : Tomcat initialized with port 8080 (http)
2025-02-17T03:51:14.876-08:00  INFO 11608 --- [vehicle-app] [main] o.apache.catalina.core.StandardService   : Starting service [Tomcat]
2025-02-17T03:51:14.877-08:00  INFO 11608 --- [vehicle-app] [main] o.apache.catalina.core.StandardEngine    : Starting Servlet engine: [Apache Tomcat/10.1.34]
2025-02-17T03:51:14.953-08:00  INFO 11608 --- [vehicle-app] [main] o.a.c.c.C.[Tomcat].[localhost].[/]       : Initializing Spring embedded WebApplicationContext
2025-02-17T03:51:14.954-08:00  INFO 11608 --- [vehicle-app] [main] w.s.c.ServletWebServerApplicationContext : Root WebApplicationContext: initialization completed in 1904 ms
2025-02-17T03:51:15.647-08:00  INFO 11608 --- [vehicle-app] [main] o.s.b.a.e.web.EndpointLinksResolver      : Exposing 1 endpoint beneath base path '/actuator'
2025-02-17T03:51:15.739-08:00  INFO 11608 --- [vehicle-app] [main] o.s.b.w.embedded.tomcat.TomcatWebServer  : Tomcat started on port 8080 (http) with context path '/'
2025-02-17T03:51:15.764-08:00  INFO 11608 --- [vehicle-app] [main] com.prashant.app.VehicleAppApplication   : Started VehicleAppApplication in 3.586 seconds (process running for 4.231)
2025-02-17T03:51:22.785-08:00  INFO 11608 --- [vehicle-app] [http-nio-8080-exec-1] o.a.c.c.C.[Tomcat].[localhost].[/]       : Initializing Spring DispatcherServlet 'dispatcherServlet'
2025-02-17T03:51:22.786-08:00  INFO 11608 --- [vehicle-app] [http-nio-8080-exec-1] o.s.web.servlet.DispatcherServlet        : Initializing Servlet 'dispatcherServlet'
2025-02-17T03:51:22.789-08:00  INFO 11608 --- [vehicle-app] [http-nio-8080-exec-1] o.s.web.servlet.DispatcherServlet        : Completed initialization in 2 ms
2025-02-17T03:51:52.297-08:00 DEBUG 11608 --- [vehicle-app] [http-nio-8080-exec-6] com.prashant.app.module.Vehicle          : DEBUG Level Log for Vehicle Constructor
2025-02-17T03:51:52.298-08:00  INFO 11608 --- [vehicle-app] [http-nio-8080-exec-6] com.prashant.app.module.Vehicle          : INFO Level Log for Vehicle Constructor
2025-02-17T03:51:52.298-08:00  WARN 11608 --- [vehicle-app] [http-nio-8080-exec-6] com.prashant.app.module.Vehicle          : WARN Level Log for Vehicle Constructor
2025-02-17T03:51:52.299-08:00 ERROR 11608 --- [vehicle-app] [http-nio-8080-exec-6] com.prashant.app.module.Vehicle          : ERROR Level Log for Vehicle Constructor
2025-02-17T03:51:52.300-08:00 DEBUG 11608 --- [vehicle-app] [http-nio-8080-exec-6] com.prashant.app.module.Owner            : DEBUG Level Log for Owner constructor
2025-02-17T03:51:52.301-08:00  INFO 11608 --- [vehicle-app] [http-nio-8080-exec-6] com.prashant.app.module.Owner            : INFO Level Log for Owner constructor
2025-02-17T03:51:52.301-08:00  WARN 11608 --- [vehicle-app] [http-nio-8080-exec-6] com.prashant.app.module.Owner            : WARN Level Log for Owner constructor
2025-02-17T03:51:52.302-08:00 ERROR 11608 --- [vehicle-app] [http-nio-8080-exec-6] com.prashant.app.module.Owner            : ERROR Level Log for Owner constructor
2025-02-17T03:51:52.305-08:00  INFO 11608 --- [vehicle-app] [http-nio-8080-exec-6] c.p.app.controller.VehicleRegistration   : Registeration request received
2025-02-17T03:51:52.307-08:00  INFO 11608 --- [vehicle-app] [http-nio-8080-exec-6] c.prashant.app.service.VehicleService    : Vehicle registration started : Vehicle{vehicleNumber='CG-6721', vehicleType='SUV', fuelType='Diesel'} owner : Owner{name='Prahsant', address='Chhattisgarh', age='25'}
2025-02-17T03:51:52.307-08:00  INFO 11608 --- [vehicle-app] [http-nio-8080-exec-6] c.prashant.app.service.VehicleService    : Registering the vehicle .......
2025-02-17T03:51:52.308-08:00  INFO 11608 --- [vehicle-app] [http-nio-8080-exec-6] c.prashant.app.service.VehicleService    : Vehicle registration completed : Vehicle{vehicleNumber='CG-6721', vehicleType='SUV', fuelType='Diesel'} owner : Owner{name='Prahsant', address='Chhattisgarh', age='25'}
2025-02-17T03:58:41.514-08:00  INFO 11608 --- [vehicle-app] [SpringApplicationShutdownHook] o.s.b.w.e.tomcat.GracefulShutdown        : Commencing graceful shutdown. Waiting for active requests to complete
2025-02-17T03:58:41.526-08:00  INFO 11608 --- [vehicle-app] [tomcat-shutdown] o.s.b.w.e.tomcat.GracefulShutdown        : Graceful shutdown complete
2025-02-17T04:07:10.312-08:00  INFO 8536 --- [vehicle-app] [main] com.prashant.app.VehicleAppApplication   : Starting VehicleAppApplication using Java 23.0.2 with PID 8536 (C:\Users\admin\IdeaProjects\Prashant\Day-20\vehicle-app\target\classes started by admin in C:\Users\admin\IdeaProjects\Prashant\Day-20\vehicle-app)
2025-02-17T04:07:10.316-08:00  INFO 8536 --- [vehicle-app] [main] com.prashant.app.VehicleAppApplication   : No active profile set, falling back to 1 default profile: "default"
2025-02-17T04:07:12.218-08:00  INFO 8536 --- [vehicle-app] [main] o.s.b.w.embedded.tomcat.TomcatWebServer  : Tomcat initialized with port 8080 (http)
2025-02-17T04:07:12.249-08:00  INFO 8536 --- [vehicle-app] [main] o.apache.catalina.core.StandardService   : Starting service [Tomcat]
2025-02-17T04:07:12.250-08:00  INFO 8536 --- [vehicle-app] [main] o.apache.catalina.core.StandardEngine    : Starting Servlet engine: [Apache Tomcat/10.1.34]
2025-02-17T04:07:12.327-08:00  INFO 8536 --- [vehicle-app] [main] o.a.c.c.C.[Tomcat].[localhost].[/]       : Initializing Spring embedded WebApplicationContext
2025-02-17T04:07:12.328-08:00  INFO 8536 --- [vehicle-app] [main] w.s.c.ServletWebServerApplicationContext : Root WebApplicationContext: initialization completed in 1912 ms
2025-02-17T04:07:13.034-08:00  INFO 8536 --- [vehicle-app] [main] o.s.b.a.e.web.EndpointLinksResolver      : Exposing 1 endpoint beneath base path '/actuator'
2025-02-17T04:07:13.129-08:00  INFO 8536 --- [vehicle-app] [main] o.s.b.w.embedded.tomcat.TomcatWebServer  : Tomcat started on port 8080 (http) with context path '/'
2025-02-17T04:07:13.148-08:00  INFO 8536 --- [vehicle-app] [main] com.prashant.app.VehicleAppApplication   : Started VehicleAppApplication in 3.607 seconds (process running for 4.317)
2025-02-17T04:07:20.982-08:00  INFO 8536 --- [vehicle-app] [http-nio-8080-exec-2] o.a.c.c.C.[Tomcat].[localhost].[/]       : Initializing Spring DispatcherServlet 'dispatcherServlet'
2025-02-17T04:07:20.982-08:00  INFO 8536 --- [vehicle-app] [http-nio-8080-exec-2] o.s.web.servlet.DispatcherServlet        : Initializing Servlet 'dispatcherServlet'
2025-02-17T04:07:20.984-08:00  INFO 8536 --- [vehicle-app] [http-nio-8080-exec-2] o.s.web.servlet.DispatcherServlet        : Completed initialization in 1 ms
2025-02-17T04:07:21.123-08:00  INFO 8536 --- [vehicle-app] [http-nio-8080-exec-2] com.prashant.app.module.Vehicle          : INFO Level Log for Vehicle Constructor
2025-02-17T04:07:21.124-08:00  WARN 8536 --- [vehicle-app] [http-nio-8080-exec-2] com.prashant.app.module.Vehicle          : WARN Level Log for Vehicle Constructor
2025-02-17T04:07:21.124-08:00 ERROR 8536 --- [vehicle-app] [http-nio-8080-exec-2] com.prashant.app.module.Vehicle          : ERROR Level Log for Vehicle Constructor
2025-02-17T04:07:21.125-08:00 DEBUG 8536 --- [vehicle-app] [http-nio-8080-exec-2] com.prashant.app.module.Owner            : DEBUG Level Log for Owner constructor
2025-02-17T04:07:21.126-08:00  INFO 8536 --- [vehicle-app] [http-nio-8080-exec-2] com.prashant.app.module.Owner            : INFO Level Log for Owner constructor
2025-02-17T04:07:21.127-08:00  WARN 8536 --- [vehicle-app] [http-nio-8080-exec-2] com.prashant.app.module.Owner            : WARN Level Log for Owner constructor
2025-02-17T04:07:21.127-08:00 ERROR 8536 --- [vehicle-app] [http-nio-8080-exec-2] com.prashant.app.module.Owner            : ERROR Level Log for Owner constructor
2025-02-17T04:07:21.141-08:00  INFO 8536 --- [vehicle-app] [http-nio-8080-exec-2] c.p.app.controller.VehicleRegistration   : Registeration request received
2025-02-17T04:07:21.142-08:00  INFO 8536 --- [vehicle-app] [http-nio-8080-exec-2] c.prashant.app.service.VehicleService    : Vehicle registration started : Vehicle{vehicleNumber='CG-6721', vehicleType='SUV', fuelType='Diesel'} owner : Owner{name='Prahsant', address='Chhattisgarh', age='25'}
2025-02-17T04:07:21.143-08:00  INFO 8536 --- [vehicle-app] [http-nio-8080-exec-2] c.prashant.app.service.VehicleService    : Registering the vehicle .......
2025-02-17T04:07:21.143-08:00  INFO 8536 --- [vehicle-app] [http-nio-8080-exec-2] c.prashant.app.service.VehicleService    : Vehicle registration completed : Vehicle{vehicleNumber='CG-6721', vehicleType='SUV', fuelType='Diesel'} owner : Owner{name='Prahsant', address='Chhattisgarh', age='25'}
2025-02-17T04:07:34.860-08:00  INFO 8536 --- [vehicle-app] [http-nio-8080-exec-3] com.prashant.app.module.Vehicle          : INFO Level Log for Vehicle Constructor
2025-02-17T04:07:34.861-08:00  WARN 8536 --- [vehicle-app] [http-nio-8080-exec-3] com.prashant.app.module.Vehicle          : WARN Level Log for Vehicle Constructor
2025-02-17T04:07:34.862-08:00 ERROR 8536 --- [vehicle-app] [http-nio-8080-exec-3] com.prashant.app.module.Vehicle          : ERROR Level Log for Vehicle Constructor
2025-02-17T04:07:34.862-08:00 DEBUG 8536 --- [vehicle-app] [http-nio-8080-exec-3] com.prashant.app.module.Owner            : DEBUG Level Log for Owner constructor
2025-02-17T04:07:34.863-08:00  INFO 8536 --- [vehicle-app] [http-nio-8080-exec-3] com.prashant.app.module.Owner            : INFO Level Log for Owner constructor
2025-02-17T04:07:34.863-08:00  WARN 8536 --- [vehicle-app] [http-nio-8080-exec-3] com.prashant.app.module.Owner            : WARN Level Log for Owner constructor
2025-02-17T04:07:34.863-08:00 ERROR 8536 --- [vehicle-app] [http-nio-8080-exec-3] com.prashant.app.module.Owner            : ERROR Level Log for Owner constructor
2025-02-17T04:07:34.864-08:00  INFO 8536 --- [vehicle-app] [http-nio-8080-exec-3] c.p.app.controller.VehicleRegistration   : Registeration request received
2025-02-17T04:07:34.865-08:00  INFO 8536 --- [vehicle-app] [http-nio-8080-exec-3] c.prashant.app.service.VehicleService    : Vehicle registration started : Vehicle{vehicleNumber='CG-5421', vehicleType='SUV', fuelType='Diesel'} owner : Owner{name='Seema', address='Chhattisgarh', age='25'}
2025-02-17T04:07:34.865-08:00  INFO 8536 --- [vehicle-app] [http-nio-8080-exec-3] c.prashant.app.service.VehicleService    : Registering the vehicle .......
2025-02-17T04:07:34.865-08:00  INFO 8536 --- [vehicle-app] [http-nio-8080-exec-3] c.prashant.app.service.VehicleService    : Vehicle registration completed : Vehicle{vehicleNumber='CG-5421', vehicleType='SUV', fuelType='Diesel'} owner : Owner{name='Seema', address='Chhattisgarh', age='25'}
2025-02-17T04:08:22.648-08:00  WARN 8536 --- [vehicle-app] [http-nio-8080-exec-4] .w.s.m.s.DefaultHandlerExceptionResolver : Resolved [org.springframework.http.converter.HttpMessageNotReadableException: JSON parse error: Unexpected character ('c' (code 99)): was expecting double-quote to start field name]
2025-02-17T04:09:49.201-08:00  WARN 8536 --- [vehicle-app] [http-nio-8080-exec-7] .w.s.m.s.DefaultHandlerExceptionResolver : Resolved [org.springframework.http.converter.HttpMessageNotReadableException: JSON parse error: Unexpected character ('c' (code 99)): was expecting double-quote to start field name]
2025-02-17T04:13:31.262-08:00  WARN 8536 --- [vehicle-app] [http-nio-8080-exec-1] .w.s.m.s.DefaultHandlerExceptionResolver : Resolved [org.springframework.http.converter.HttpMessageNotReadableException: JSON parse error: Unrecognized character escape ':' (code 58)]
2025-02-17T04:14:21.318-08:00  WARN 8536 --- [vehicle-app] [http-nio-8080-exec-2] .w.s.m.s.DefaultHandlerExceptionResolver : Resolved [org.springframework.http.converter.HttpMessageNotReadableException: JSON parse error: Unrecognized character escape ':' (code 58)]
2025-02-17T04:14:49.268-08:00  WARN 8536 --- [vehicle-app] [http-nio-8080-exec-3] .w.s.m.s.DefaultHandlerExceptionResolver : Resolved [org.springframework.http.converter.HttpMessageNotReadableException: JSON parse error: Unexpected character ('c' (code 99)): was expecting double-quote to start field name]
2025-02-17T04:16:07.418-08:00 DEBUG 8536 --- [vehicle-app] [http-nio-8080-exec-5] com.prashant.app.module.Vehicle          : DEBUG Level Log for Vehicle Constructor
2025-02-17T04:16:07.419-08:00  INFO 8536 --- [vehicle-app] [http-nio-8080-exec-5] com.prashant.app.module.Vehicle          : INFO Level Log for Vehicle Constructor
2025-02-17T04:16:07.419-08:00  WARN 8536 --- [vehicle-app] [http-nio-8080-exec-5] com.prashant.app.module.Vehicle          : WARN Level Log for Vehicle Constructor
2025-02-17T04:16:07.419-08:00 ERROR 8536 --- [vehicle-app] [http-nio-8080-exec-5] com.prashant.app.module.Vehicle          : ERROR Level Log for Vehicle Constructor
2025-02-17T04:16:07.420-08:00 DEBUG 8536 --- [vehicle-app] [http-nio-8080-exec-5] com.prashant.app.module.Owner            : DEBUG Level Log for Owner constructor
2025-02-17T04:16:07.420-08:00  INFO 8536 --- [vehicle-app] [http-nio-8080-exec-5] com.prashant.app.module.Owner            : INFO Level Log for Owner constructor
2025-02-17T04:16:07.420-08:00  WARN 8536 --- [vehicle-app] [http-nio-8080-exec-5] com.prashant.app.module.Owner            : WARN Level Log for Owner constructor
2025-02-17T04:16:07.421-08:00 ERROR 8536 --- [vehicle-app] [http-nio-8080-exec-5] com.prashant.app.module.Owner            : ERROR Level Log for Owner constructor
2025-02-17T04:16:07.421-08:00  INFO 8536 --- [vehicle-app] [http-nio-8080-exec-5] c.p.app.controller.VehicleRegistration   : Registeration request received
2025-02-17T04:16:07.422-08:00  INFO 8536 --- [vehicle-app] [http-nio-8080-exec-5] c.prashant.app.service.VehicleService    : Vehicle registration started : Vehicle{vehicleNumber='CG-5721', vehicleType='SUV', fuelType='Diesel'} owner : Owner{name='Suraksha', address='Chhattisgarh', age='25'}
2025-02-17T04:16:07.422-08:00  INFO 8536 --- [vehicle-app] [http-nio-8080-exec-5] c.prashant.app.service.VehicleService    : Registering the vehicle .......
2025-02-17T04:16:07.422-08:00  INFO 8536 --- [vehicle-app] [http-nio-8080-exec-5] c.prashant.app.service.VehicleService    : Vehicle registration completed : Vehicle{vehicleNumber='CG-5721', vehicleType='SUV', fuelType='Diesel'} owner : Owner{name='Suraksha', address='Chhattisgarh', age='25'}
2025-02-17T04:17:26.138-08:00  INFO 8536 --- [vehicle-app] [http-nio-8080-exec-10] com.prashant.app.module.Vehicle          : INFO Level Log for Vehicle Constructor
2025-02-17T04:17:26.138-08:00  WARN 8536 --- [vehicle-app] [http-nio-8080-exec-10] com.prashant.app.module.Vehicle          : WARN Level Log for Vehicle Constructor
2025-02-17T04:17:26.139-08:00 ERROR 8536 --- [vehicle-app] [http-nio-8080-exec-10] com.prashant.app.module.Vehicle          : ERROR Level Log for Vehicle Constructor
2025-02-17T04:17:26.139-08:00  INFO 8536 --- [vehicle-app] [http-nio-8080-exec-10] com.prashant.app.module.Owner            : INFO Level Log for Owner constructor
2025-02-17T04:17:26.140-08:00  WARN 8536 --- [vehicle-app] [http-nio-8080-exec-10] com.prashant.app.module.Owner            : WARN Level Log for Owner constructor
2025-02-17T04:17:26.140-08:00 ERROR 8536 --- [vehicle-app] [http-nio-8080-exec-10] com.prashant.app.module.Owner            : ERROR Level Log for Owner constructor
2025-02-17T04:17:26.140-08:00  INFO 8536 --- [vehicle-app] [http-nio-8080-exec-10] c.p.app.controller.VehicleRegistration   : Registeration request received
2025-02-17T04:17:26.141-08:00  INFO 8536 --- [vehicle-app] [http-nio-8080-exec-10] c.prashant.app.service.VehicleService    : Vehicle registration started : Vehicle{vehicleNumber='CG-0021', vehicleType='SUV', fuelType='Diesel'} owner : Owner{name='Stranger', address='Chhattisgarh', age='25'}
2025-02-17T04:17:26.141-08:00  INFO 8536 --- [vehicle-app] [http-nio-8080-exec-10] c.prashant.app.service.VehicleService    : Registering the vehicle .......
2025-02-17T04:17:26.141-08:00  INFO 8536 --- [vehicle-app] [http-nio-8080-exec-10] c.prashant.app.service.VehicleService    : Vehicle registration completed : Vehicle{vehicleNumber='CG-0021', vehicleType='SUV', fuelType='Diesel'} owner : Owner{name='Stranger', address='Chhattisgarh', age='25'}
2025-02-17T04:19:18.494-08:00  INFO 8536 --- [vehicle-app] [SpringApplicationShutdownHook] o.s.b.w.e.tomcat.GracefulShutdown        : Commencing graceful shutdown. Waiting for active requests to complete
2025-02-17T04:19:18.505-08:00  INFO 8536 --- [vehicle-app] [tomcat-shutdown] o.s.b.w.e.tomcat.GracefulShutdown        : Graceful shutdown complete
2025-02-17T04:19:37.729-08:00  INFO 7336 --- [vehicle-app] [main] com.prashant.app.VehicleAppApplication   : Starting VehicleAppApplication using Java 23.0.2 with PID 7336 (C:\Users\admin\IdeaProjects\Prashant\Day-20\vehicle-app\target\classes started by admin in C:\Users\admin\IdeaProjects\Prashant\Day-20\vehicle-app)
2025-02-17T04:19:37.733-08:00  INFO 7336 --- [vehicle-app] [main] com.prashant.app.VehicleAppApplication   : No active profile set, falling back to 1 default profile: "default"
2025-02-17T04:19:39.607-08:00  INFO 7336 --- [vehicle-app] [main] o.s.b.w.embedded.tomcat.TomcatWebServer  : Tomcat initialized with port 8080 (http)
2025-02-17T04:19:39.639-08:00  INFO 7336 --- [vehicle-app] [main] o.apache.catalina.core.StandardService   : Starting service [Tomcat]
2025-02-17T04:19:39.640-08:00  INFO 7336 --- [vehicle-app] [main] o.apache.catalina.core.StandardEngine    : Starting Servlet engine: [Apache Tomcat/10.1.34]
2025-02-17T04:19:39.715-08:00  INFO 7336 --- [vehicle-app] [main] o.a.c.c.C.[Tomcat].[localhost].[/]       : Initializing Spring embedded WebApplicationContext
2025-02-17T04:19:39.716-08:00  INFO 7336 --- [vehicle-app] [main] w.s.c.ServletWebServerApplicationContext : Root WebApplicationContext: initialization completed in 1886 ms
2025-02-17T04:19:40.400-08:00  INFO 7336 --- [vehicle-app] [main] o.s.b.a.e.web.EndpointLinksResolver      : Exposing 1 endpoint beneath base path '/actuator'
2025-02-17T04:19:40.492-08:00  INFO 7336 --- [vehicle-app] [main] o.s.b.w.embedded.tomcat.TomcatWebServer  : Tomcat started on port 8080 (http) with context path '/'
2025-02-17T04:19:40.511-08:00  INFO 7336 --- [vehicle-app] [main] com.prashant.app.VehicleAppApplication   : Started VehicleAppApplication in 3.547 seconds (process running for 4.187)
2025-02-17T04:19:57.518-08:00  INFO 7336 --- [vehicle-app] [http-nio-8080-exec-1] o.a.c.c.C.[Tomcat].[localhost].[/]       : Initializing Spring DispatcherServlet 'dispatcherServlet'
2025-02-17T04:19:57.518-08:00  INFO 7336 --- [vehicle-app] [http-nio-8080-exec-1] o.s.web.servlet.DispatcherServlet        : Initializing Servlet 'dispatcherServlet'
2025-02-17T04:19:57.520-08:00  INFO 7336 --- [vehicle-app] [http-nio-8080-exec-1] o.s.web.servlet.DispatcherServlet        : Completed initialization in 1 ms
2025-02-17T04:19:57.655-08:00  INFO 7336 --- [vehicle-app] [http-nio-8080-exec-1] com.prashant.app.module.Vehicle          : INFO Level Log for Vehicle Constructor
2025-02-17T04:19:57.656-08:00  WARN 7336 --- [vehicle-app] [http-nio-8080-exec-1] com.prashant.app.module.Vehicle          : WARN Level Log for Vehicle Constructor
2025-02-17T04:19:57.657-08:00 ERROR 7336 --- [vehicle-app] [http-nio-8080-exec-1] com.prashant.app.module.Vehicle          : ERROR Level Log for Vehicle Constructor
2025-02-17T04:19:57.658-08:00 DEBUG 7336 --- [vehicle-app] [http-nio-8080-exec-1] com.prashant.app.module.Owner            : DEBUG Level Log for Owner constructor
2025-02-17T04:19:57.658-08:00  INFO 7336 --- [vehicle-app] [http-nio-8080-exec-1] com.prashant.app.module.Owner            : INFO Level Log for Owner constructor
2025-02-17T04:19:57.659-08:00  WARN 7336 --- [vehicle-app] [http-nio-8080-exec-1] com.prashant.app.module.Owner            : WARN Level Log for Owner constructor
2025-02-17T04:19:57.659-08:00 ERROR 7336 --- [vehicle-app] [http-nio-8080-exec-1] com.prashant.app.module.Owner            : ERROR Level Log for Owner constructor
2025-02-17T04:19:57.673-08:00  INFO 7336 --- [vehicle-app] [http-nio-8080-exec-1] c.p.app.controller.VehicleRegistration   : Registeration request received
2025-02-17T04:19:57.674-08:00  INFO 7336 --- [vehicle-app] [http-nio-8080-exec-1] c.prashant.app.service.VehicleService    : Vehicle registration started : Vehicle{vehicleNumber='CG-0021', vehicleType='SUV', fuelType='Diesel'} owner : Owner{name='Stranger', address='Chhattisgarh', age='25'}
2025-02-17T04:19:57.675-08:00  INFO 7336 --- [vehicle-app] [http-nio-8080-exec-1] c.prashant.app.service.VehicleService    : Registering the vehicle .......
2025-02-17T04:19:57.675-08:00  INFO 7336 --- [vehicle-app] [http-nio-8080-exec-1] c.prashant.app.service.VehicleService    : Vehicle registration completed : Vehicle{vehicleNumber='CG-0021', vehicleType='SUV', fuelType='Diesel'} owner : Owner{name='Stranger', address='Chhattisgarh', age='25'}
2025-02-17T04:21:06.891-08:00 DEBUG 7336 --- [vehicle-app] [http-nio-8080-exec-7] com.prashant.app.module.Vehicle          : DEBUG Level Log for Vehicle Constructor
2025-02-17T04:21:06.892-08:00  INFO 7336 --- [vehicle-app] [http-nio-8080-exec-7] com.prashant.app.module.Vehicle          : INFO Level Log for Vehicle Constructor
2025-02-17T04:21:06.893-08:00  WARN 7336 --- [vehicle-app] [http-nio-8080-exec-7] com.prashant.app.module.Vehicle          : WARN Level Log for Vehicle Constructor
2025-02-17T04:21:06.893-08:00 ERROR 7336 --- [vehicle-app] [http-nio-8080-exec-7] com.prashant.app.module.Vehicle          : ERROR Level Log for Vehicle Constructor
2025-02-17T04:21:06.893-08:00  INFO 7336 --- [vehicle-app] [http-nio-8080-exec-7] com.prashant.app.module.Owner            : INFO Level Log for Owner constructor
2025-02-17T04:21:06.894-08:00  WARN 7336 --- [vehicle-app] [http-nio-8080-exec-7] com.prashant.app.module.Owner            : WARN Level Log for Owner constructor
2025-02-17T04:21:06.894-08:00 ERROR 7336 --- [vehicle-app] [http-nio-8080-exec-7] com.prashant.app.module.Owner            : ERROR Level Log for Owner constructor
2025-02-17T04:21:06.895-08:00  INFO 7336 --- [vehicle-app] [http-nio-8080-exec-7] c.p.app.controller.VehicleRegistration   : Registeration request received
2025-02-17T04:21:06.895-08:00  INFO 7336 --- [vehicle-app] [http-nio-8080-exec-7] c.prashant.app.service.VehicleService    : Vehicle registration started : Vehicle{vehicleNumber='CG-1421', vehicleType='SUV', fuelType='Diesel'} owner : Owner{name='Prashant', address='Chhattisgarh', age='25'}
2025-02-17T04:21:06.896-08:00  INFO 7336 --- [vehicle-app] [http-nio-8080-exec-7] c.prashant.app.service.VehicleService    : Registering the vehicle .......
2025-02-17T04:21:06.896-08:00  INFO 7336 --- [vehicle-app] [http-nio-8080-exec-7] c.prashant.app.service.VehicleService    : Vehicle registration completed : Vehicle{vehicleNumber='CG-1421', vehicleType='SUV', fuelType='Diesel'} owner : Owner{name='Prashant', address='Chhattisgarh', age='25'}
2025-02-17T04:22:05.614-08:00  INFO 7336 --- [vehicle-app] [SpringApplicationShutdownHook] o.s.b.w.e.tomcat.GracefulShutdown        : Commencing graceful shutdown. Waiting for active requests to complete
2025-02-17T04:22:05.623-08:00  INFO 7336 --- [vehicle-app] [tomcat-shutdown] o.s.b.w.e.tomcat.GracefulShutdown        : Graceful shutdown complete
2025-02-17T20:28:58.090-08:00  INFO 8764 --- [vehicle-app] [main] com.prashant.app.VehicleAppApplication   : Starting VehicleAppApplication using Java 23.0.2 with PID 8764 (C:\Users\admin\IdeaProjects\Prashant\Day-20\vehicle-app\target\classes started by admin in C:\Users\admin\IdeaProjects\Prashant\Day-20\vehicle-app)
2025-02-17T20:28:58.094-08:00  INFO 8764 --- [vehicle-app] [main] com.prashant.app.VehicleAppApplication   : No active profile set, falling back to 1 default profile: "default"
2025-02-17T20:29:00.427-08:00  INFO 8764 --- [vehicle-app] [main] o.s.b.w.embedded.tomcat.TomcatWebServer  : Tomcat initialized with port 8080 (http)
2025-02-17T20:29:00.467-08:00  INFO 8764 --- [vehicle-app] [main] o.apache.catalina.core.StandardService   : Starting service [Tomcat]
2025-02-17T20:29:00.468-08:00  INFO 8764 --- [vehicle-app] [main] o.apache.catalina.core.StandardEngine    : Starting Servlet engine: [Apache Tomcat/10.1.34]
2025-02-17T20:29:00.551-08:00  INFO 8764 --- [vehicle-app] [main] o.a.c.c.C.[Tomcat].[localhost].[/]       : Initializing Spring embedded WebApplicationContext
2025-02-17T20:29:00.552-08:00  INFO 8764 --- [vehicle-app] [main] w.s.c.ServletWebServerApplicationContext : Root WebApplicationContext: initialization completed in 2344 ms
2025-02-17T20:29:01.338-08:00  INFO 8764 --- [vehicle-app] [main] o.s.b.a.e.web.EndpointLinksResolver      : Exposing 1 endpoint beneath base path '/actuator'
2025-02-17T20:29:01.450-08:00  INFO 8764 --- [vehicle-app] [main] o.s.b.w.embedded.tomcat.TomcatWebServer  : Tomcat started on port 8080 (http) with context path '/'
2025-02-17T20:29:01.470-08:00  INFO 8764 --- [vehicle-app] [main] com.prashant.app.VehicleAppApplication   : Started VehicleAppApplication in 4.279 seconds (process running for 4.999)
2025-02-17T20:29:57.477-08:00  INFO 8764 --- [vehicle-app] [http-nio-8080-exec-2] o.a.c.c.C.[Tomcat].[localhost].[/]       : Initializing Spring DispatcherServlet 'dispatcherServlet'
2025-02-17T20:29:57.478-08:00  INFO 8764 --- [vehicle-app] [http-nio-8080-exec-2] o.s.web.servlet.DispatcherServlet        : Initializing Servlet 'dispatcherServlet'
2025-02-17T20:29:57.480-08:00  INFO 8764 --- [vehicle-app] [http-nio-8080-exec-2] o.s.web.servlet.DispatcherServlet        : Completed initialization in 2 ms
2025-02-17T20:29:57.627-08:00  INFO 8764 --- [vehicle-app] [http-nio-8080-exec-2] com.prashant.app.module.Vehicle          : INFO Level Log for Vehicle Constructor
2025-02-17T20:29:57.628-08:00  WARN 8764 --- [vehicle-app] [http-nio-8080-exec-2] com.prashant.app.module.Vehicle          : WARN Level Log for Vehicle Constructor
2025-02-17T20:29:57.628-08:00 ERROR 8764 --- [vehicle-app] [http-nio-8080-exec-2] com.prashant.app.module.Vehicle          : ERROR Level Log for Vehicle Constructor
2025-02-17T20:29:57.629-08:00 DEBUG 8764 --- [vehicle-app] [http-nio-8080-exec-2] com.prashant.app.module.Owner            : DEBUG Level Log for Owner constructor
2025-02-17T20:29:57.630-08:00  INFO 8764 --- [vehicle-app] [http-nio-8080-exec-2] com.prashant.app.module.Owner            : INFO Level Log for Owner constructor
2025-02-17T20:29:57.630-08:00  WARN 8764 --- [vehicle-app] [http-nio-8080-exec-2] com.prashant.app.module.Owner            : WARN Level Log for Owner constructor
2025-02-17T20:29:57.631-08:00 ERROR 8764 --- [vehicle-app] [http-nio-8080-exec-2] com.prashant.app.module.Owner            : ERROR Level Log for Owner constructor
2025-02-17T20:29:57.646-08:00  INFO 8764 --- [vehicle-app] [http-nio-8080-exec-2] c.p.app.controller.VehicleRegistration   : Registeration request received
2025-02-17T20:29:57.647-08:00  INFO 8764 --- [vehicle-app] [http-nio-8080-exec-2] c.prashant.app.service.VehicleService    : Vehicle registration started : Vehicle{vehicleNumber='CG-1421', vehicleType='SUV', fuelType='Diesel'} owner : Owner{name='Prashant', address='Chhattisgarh', age='25'}
2025-02-17T20:29:57.647-08:00  INFO 8764 --- [vehicle-app] [http-nio-8080-exec-2] c.prashant.app.service.VehicleService    : Registering the vehicle .......
2025-02-17T20:29:57.648-08:00  INFO 8764 --- [vehicle-app] [http-nio-8080-exec-2] c.prashant.app.service.VehicleService    : Vehicle registration completed : Vehicle{vehicleNumber='CG-1421', vehicleType='SUV', fuelType='Diesel'} owner : Owner{name='Prashant', address='Chhattisgarh', age='25'}
2025-02-17T22:07:06.811-08:00  INFO 8764 --- [vehicle-app] [SpringApplicationShutdownHook] o.s.b.w.e.tomcat.GracefulShutdown        : Commencing graceful shutdown. Waiting for active requests to complete
2025-02-17T22:07:06.833-08:00  INFO 8764 --- [vehicle-app] [tomcat-shutdown] o.s.b.w.e.tomcat.GracefulShutdown        : Graceful shutdown complete
